[2861132:2861132:0506/234248.843188:ERROR:sandbox_linux.cc(374)] InitializeSandbox() called with multiple threads in process gpu-process.
[2861075:2861075:0506/234255.309409:ERROR:CONSOLE(0)] "The Content Security Policy directive 'upgrade-insecure-requests' is ignored when delivered in a report-only policy.", source: https://www.deezer.com/search/wait%20for%20it (0)
[2861075:2861075:0506/234302.551378:INFO:CONSOLE(1)] "The Content Security Policy directive 'upgrade-insecure-requests' is ignored when delivered in a report-only policy.", source: https://e-cdns-files.dzcdn.net/cache/js/player-HTML5Renderer.5b4a4e1d6ea4110d3dc6.js (1)
[2861075:2861075:0506/234302.553801:INFO:CONSOLE(1)] "The Content Security Policy directive 'upgrade-insecure-requests' is ignored when delivered in a report-only policy.", source: https://e-cdns-files.dzcdn.net/cache/js/player-HTML5Renderer.5b4a4e1d6ea4110d3dc6.js (1)
[2861075:2861075:0506/234302.723350:INFO:CONSOLE(0)] "The Content Security Policy directive 'upgrade-insecure-requests' is ignored when delivered in a report-only policy.", source: https://www.deezer.com/search/wait%20for%20it (0)
[2861075:2861075:0506/234303.905546:INFO:CONSOLE(17)] "The Content Security Policy directive 'upgrade-insecure-requests' is ignored when delivered in a report-only policy.", source: https://ww400.smartadserver.com/h/nshow?siteid=15829&pgid=115072&fmtid=27374&tag=sas_27374&tmstp=5182236698&visit=S&acd=1620359073044&opid=ef8156d2-61c7-4b47-a413-c52cde76a835&opdt=1620359073043&ckid=474893069516299613&async=1&pubid=24&systgt=%24qc%3D1314511761%3B%24ql%3DMedium%3B%24qpc%3Dn2p%2B1s8%3B%24qt%3D93_2124_7490t%3B%24dma%3D0%3B%24b%3D16890%3B%24o%3D99999%3B%24sw%3D1920%3B%24sh%3D1080&tgt=%24dt%3D1t&pgDomain=https%3A%2F%2Fwww.deezer.com%2Fsearch%2Fwait%2520for%2520it&noadcbk=sas.noad&insid=7284738%2C8960651&capp=0%2C0&mcrdbt=0%2C0 (17)
[2861075:2861075:0506/234303.913408:INFO:CONSOLE(67)] "The Content Security Policy directive 'upgrade-insecure-requests' is ignored when delivered in a report-only policy.", source: https://ww400.smartadserver.com/h/nshow?siteid=15829&pgid=115072&fmtid=27374&tag=sas_27374&tmstp=5182236698&visit=S&acd=1620359073044&opid=ef8156d2-61c7-4b47-a413-c52cde76a835&opdt=1620359073043&ckid=474893069516299613&async=1&pubid=24&systgt=%24qc%3D1314511761%3B%24ql%3DMedium%3B%24qpc%3Dn2p%2B1s8%3B%24qt%3D93_2124_7490t%3B%24dma%3D0%3B%24b%3D16890%3B%24o%3D99999%3B%24sw%3D1920%3B%24sh%3D1080&tgt=%24dt%3D1t&pgDomain=https%3A%2F%2Fwww.deezer.com%2Fsearch%2Fwait%2520for%2520it&noadcbk=sas.noad&insid=7284738%2C8960651&capp=0%2C0&mcrdbt=0%2C0 (67)
[2861075:2861075:0506/234303.966444:INFO:CONSOLE(0)] "The Content Security Policy directive 'upgrade-insecure-requests' is ignored when delivered in a report-only policy.", source: about:blank (0)
[2861075:2861075:0506/234303.986238:INFO:CONSOLE(0)] "The Content Security Policy directive 'upgrade-insecure-requests' is ignored when delivered in a report-only policy.", source: about:blank (0)
[2861075:2861075:0506/234304.639373:INFO:CONSOLE(1)] "The Content Security Policy directive 'upgrade-insecure-requests' is ignored when delivered in a report-only policy.", source: https://ced-ns.sascdn.com/diff/templates/ts/dist/banner/sas-banner-1.2.js (1)
[2861075:2861075:0506/234304.650510:INFO:CONSOLE(1)] "The Content Security Policy directive 'upgrade-insecure-requests' is ignored when delivered in a report-only policy.", source: https://ced-ns.sascdn.com/diff/templates/ts/dist/banner/sas-banner-1.2.js (1)
[2861075:2861075:0506/234304.660918:INFO:CONSOLE(1)] "The Content Security Policy directive 'upgrade-insecure-requests' is ignored when delivered in a report-only policy.", source: https://ced-ns.sascdn.com/diff/templates/ts/dist/banner/sas-banner-1.2.js (1)
[2861075:2861075:0506/234304.789568:INFO:CONSOLE(200)] "Uncaught (in promise) RETRY_LIMIT_REACHED: Api error", source: https://e-cdns-files.dzcdn.net/cache/js/legacy.a392d93c330815648fa5.js (200)
[2861075:2861075:0506/234306.295388:INFO:CONSOLE(6)] "The googletag.pubads().definePassback function has been deprecated. The function may break in certain contexts, see https://developers.google.com/publisher-tag/guides/passback-tags#construct_passback_tags for how to correctly create a passback.", source: https://securepubads.g.doubleclick.net/gpt/pubads_impl_2021042801.js (6)
[2861075:2861075:0506/234307.461411:INFO:CONSOLE(6)] "The Content Security Policy directive 'upgrade-insecure-requests' is ignored when delivered in a report-only policy.", source: https://securepubads.g.doubleclick.net/gpt/pubads_impl_2021042801.js (6)
[2861075:2861075:0506/234307.527020:INFO:CONSOLE(0)] "The Content Security Policy directive 'upgrade-insecure-requests' is ignored when delivered in a report-only policy.", source: about:blank (0)
[2861075:2861075:0506/234310.144707:INFO:CONSOLE(6)] "The Content Security Policy directive 'upgrade-insecure-requests' is ignored when delivered in a report-only policy.", source: https://www.googletagservices.com/activeview/js/current/osd.js?cb=%2Fr20100101 (6)
[2861075:2861075:0506/234310.156842:INFO:CONSOLE(6)] "The Content Security Policy directive 'upgrade-insecure-requests' is ignored when delivered in a report-only policy.", source: https://www.googletagservices.com/activeview/js/current/osd.js?cb=%2Fr20100101 (6)
[2861075:2861075:0506/234312.995297:INFO:CONSOLE(26)] "The Content Security Policy directive 'upgrade-insecure-requests' is ignored when delivered in a report-only policy.", source: https://tpc.googlesyndication.com/sodar/sodar2.js (26)
[2861075:2861075:0506/234313.006886:INFO:CONSOLE(0)] "The Content Security Policy directive 'upgrade-insecure-requests' is ignored when delivered in a report-only policy.", source: about:blank (0)
[2861075:2861153:0506/234314.306089:WARNING:bus.cc(638)] Bus::SendWithReplyAndBlock took 25024ms to process message: type=method_call, path=/org/freedesktop/Notifications, interface=org.freedesktop.Notifications, member=GetCapabilities
[2861075:2861153:0506/234314.306228:ERROR:object_proxy.cc(621)] Failed to call method: org.freedesktop.Notifications.GetCapabilities: object_path= /org/freedesktop/Notifications: org.freedesktop.DBus.Error.NoReply: Did not receive a reply. Possible causes include: the remote application did not send a reply, the message bus security policy blocked the reply, the reply timeout expired, or the network connection was broken.
[2861075:2861075:0506/234320.265956:INFO:CONSOLE(0)] "The Content Security Policy directive 'upgrade-insecure-requests' is ignored when delivered in a report-only policy.", source: https://www.deezer.com/search/wait%20for%20it (0)
[2861075:2861075:0506/234325.781685:INFO:CONSOLE(1)] "The Content Security Policy directive 'upgrade-insecure-requests' is ignored when delivered in a report-only policy.", source: https://e-cdns-files.dzcdn.net/cache/js/player-HTML5Renderer.5b4a4e1d6ea4110d3dc6.js (1)
[2861075:2861075:0506/234325.782723:INFO:CONSOLE(1)] "The Content Security Policy directive 'upgrade-insecure-requests' is ignored when delivered in a report-only policy.", source: https://e-cdns-files.dzcdn.net/cache/js/player-HTML5Renderer.5b4a4e1d6ea4110d3dc6.js (1)
[2861075:2861075:0506/234325.911385:INFO:CONSOLE(0)] "The Content Security Policy directive 'upgrade-insecure-requests' is ignored when delivered in a report-only policy.", source: https://www.deezer.com/search/wait%20for%20it (0)
[2861075:2861075:0506/234327.016307:INFO:CONSOLE(49)] "The Content Security Policy directive 'upgrade-insecure-requests' is ignored when delivered in a report-only policy.", source: https://ww400.smartadserver.com/h/nshow?siteid=15829&pgid=115072&fmtid=27374&tag=sas_27374&tmstp=89815870&visit=S&acd=1620359096244&opid=f0820a09-1228-4013-9be6-806c57abaab1&opdt=1620359096243&ckid=474893069516299613&async=1&pubid=24&systgt=%24qc%3D1314511761%3B%24ql%3DMedium%3B%24qpc%3Dn2p%2B1s8%3B%24qt%3D93_2124_7490t%3B%24dma%3D0%3B%24b%3D16890%3B%24o%3D99999%3B%24sw%3D1920%3B%24sh%3D1080&tgt=%24dt%3D1t&pgDomain=https%3A%2F%2Fwww.deezer.com%2Fsearch%2Fwait%2520for%2520it&noadcbk=sas.noad&insid=7284738%2C8960651&capp=0%2C0&mcrdbt=0%2C0 (49)
[2861075:2861075:0506/234327.122968:INFO:CONSOLE(0)] "The Content Security Policy directive 'upgrade-insecure-requests' is ignored when delivered in a report-only policy.", source: about:blank (0)
[2861075:2861075:0506/234327.770489:INFO:CONSOLE(1)] "The Content Security Policy directive 'upgrade-insecure-requests' is ignored when delivered in a report-only policy.", source: https://ced-ns.sascdn.com/diff/templates/ts/dist/banner/sas-banner-1.2.js (1)
[2861075:2861075:0506/234327.770675:INFO:CONSOLE(1)] "The Content Security Policy directive 'upgrade-insecure-requests' is ignored when delivered in a report-only policy.", source: https://ced-ns.sascdn.com/diff/templates/ts/dist/banner/sas-banner-1.2.js (1)
[2861075:2861075:0506/234327.775231:INFO:CONSOLE(1)] "The Content Security Policy directive 'upgrade-insecure-requests' is ignored when delivered in a report-only policy.", source: https://ced-ns.sascdn.com/diff/templates/ts/dist/banner/sas-banner-1.2.js (1)
[2861075:2861075:0506/234327.820105:INFO:CONSOLE(200)] "Uncaught (in promise) RETRY_LIMIT_REACHED: Api error", source: https://e-cdns-files.dzcdn.net/cache/js/legacy.a392d93c330815648fa5.js (200)
[2861075:2861075:0506/234328.076458:INFO:CONSOLE(358)] "The Content Security Policy directive 'upgrade-insecure-requests' is ignored when delivered in a report-only policy.", source: https://static.adsafeprotected.com/main.gr.19.8.193.js (358)
[2861075:2861075:0506/234328.078405:INFO:CONSOLE(358)] "The Content Security Policy directive 'upgrade-insecure-requests' is ignored when delivered in a report-only policy.", source: https://static.adsafeprotected.com/main.gr.19.8.193.js (358)
[2861075:2861075:0506/234328.087656:INFO:CONSOLE(359)] "The Content Security Policy directive 'upgrade-insecure-requests' is ignored when delivered in a report-only policy.", source: https://static.adsafeprotected.com/main.gr.19.8.193.js (359)
[2861075:2861075:0506/234330.275299:INFO:CONSOLE(32)] "a: 0.003173828125 ms", source: https://static.adsafeprotected.com/sca.17.5.5.js (32)
[2861075:2861075:0506/234330.468538:INFO:CONSOLE(3232)] "The Content Security Policy directive 'upgrade-insecure-requests' is ignored when delivered in a report-only policy.", source: https://www.googletagmanager.com/gtm.js?id=GTM-PPQNZ6 (3232)
[2861075:2861075:0506/234330.472831:INFO:CONSOLE(3232)] "The Content Security Policy directive 'upgrade-insecure-requests' is ignored when delivered in a report-only policy.", source: https://www.googletagmanager.com/gtm.js?id=GTM-PPQNZ6 (3232)
[2861075:2861075:0506/234330.502091:INFO:CONSOLE(3232)] "The Content Security Policy directive 'upgrade-insecure-requests' is ignored when delivered in a report-only policy.", source: https://www.googletagmanager.com/gtm.js?id=GTM-PPQNZ6 (3232)
[2861075:2861075:0506/234330.526576:INFO:CONSOLE(3232)] "The Content Security Policy directive 'upgrade-insecure-requests' is ignored when delivered in a report-only policy.", source: https://www.googletagmanager.com/gtm.js?id=GTM-PPQNZ6 (3232)
[2861136:2861142:0506/234330.854053:WARNING:sqlite_persistent_store_backend_base.cc(171)] Failed to post task from LoadNelPoliciesAndNotifyInBackground@../../net/extras/sqlite/sqlite_persistent_reporting_and_nel_store.cc:1348 to client_task_runner_.
[2861075:2861075:0506/234330.887916:WARNING:pref_notifier_impl.cc(40)] Pref observer for media_router.cast_allow_all_ips found at shutdown.
